<?xml version="1.0" encoding="UTF-8"?>
<testsuite xmlns:xsi="http://www.w3.org/2001/XMLSchema-instance" xsi:noNamespaceSchemaLocation="https://maven.apache.org/surefire/maven-surefire-plugin/xsd/surefire-test-report.xsd" name="com.yy.springbootdemo.SpringbootdemoApplicationTests" time="5.041" tests="1" errors="0" skipped="0" failures="0">
  <properties>
    <property name="sun.desktop" value="windows"/>
    <property name="awt.toolkit" value="sun.awt.windows.WToolkit"/>
    <property name="file.encoding.pkg" value="sun.io"/>
    <property name="java.specification.version" value="1.8"/>
    <property name="sun.cpu.isalist" value="amd64"/>
    <property name="sun.jnu.encoding" value="GBK"/>
    <property name="java.class.path" value="F:\springBootdemo\target\test-classes;F:\springBootdemo\target\classes;F:\my_maven_local_repository\org\springframework\boot\spring-boot-starter-web\2.0.3.RELEASE\spring-boot-starter-web-2.0.3.RELEASE.jar;F:\my_maven_local_repository\org\springframework\boot\spring-boot-starter\2.0.3.RELEASE\spring-boot-starter-2.0.3.RELEASE.jar;F:\my_maven_local_repository\org\springframework\boot\spring-boot\2.0.3.RELEASE\spring-boot-2.0.3.RELEASE.jar;F:\my_maven_local_repository\org\springframework\boot\spring-boot-autoconfigure\2.0.3.RELEASE\spring-boot-autoconfigure-2.0.3.RELEASE.jar;F:\my_maven_local_repository\org\springframework\boot\spring-boot-starter-logging\2.0.3.RELEASE\spring-boot-starter-logging-2.0.3.RELEASE.jar;F:\my_maven_local_repository\ch\qos\logback\logback-classic\1.2.3\logback-classic-1.2.3.jar;F:\my_maven_local_repository\ch\qos\logback\logback-core\1.2.3\logback-core-1.2.3.jar;F:\my_maven_local_repository\org\apache\logging\log4j\log4j-to-slf4j\2.10.0\log4j-to-slf4j-2.10.0.jar;F:\my_maven_local_repository\org\apache\logging\log4j\log4j-api\2.10.0\log4j-api-2.10.0.jar;F:\my_maven_local_repository\org\slf4j\jul-to-slf4j\1.7.25\jul-to-slf4j-1.7.25.jar;F:\my_maven_local_repository\javax\annotation\javax.annotation-api\1.3.2\javax.annotation-api-1.3.2.jar;F:\my_maven_local_repository\org\yaml\snakeyaml\1.19\snakeyaml-1.19.jar;F:\my_maven_local_repository\org\springframework\boot\spring-boot-starter-json\2.0.3.RELEASE\spring-boot-starter-json-2.0.3.RELEASE.jar;F:\my_maven_local_repository\com\fasterxml\jackson\core\jackson-databind\2.9.6\jackson-databind-2.9.6.jar;F:\my_maven_local_repository\com\fasterxml\jackson\core\jackson-annotations\2.9.0\jackson-annotations-2.9.0.jar;F:\my_maven_local_repository\com\fasterxml\jackson\core\jackson-core\2.9.6\jackson-core-2.9.6.jar;F:\my_maven_local_repository\com\fasterxml\jackson\datatype\jackson-datatype-jdk8\2.9.6\jackson-datatype-jdk8-2.9.6.jar;F:\my_maven_local_repository\com\fasterxml\jackson\datatype\jackson-datatype-jsr310\2.9.6\jackson-datatype-jsr310-2.9.6.jar;F:\my_maven_local_repository\com\fasterxml\jackson\module\jackson-module-parameter-names\2.9.6\jackson-module-parameter-names-2.9.6.jar;F:\my_maven_local_repository\org\springframework\boot\spring-boot-starter-tomcat\2.0.3.RELEASE\spring-boot-starter-tomcat-2.0.3.RELEASE.jar;F:\my_maven_local_repository\org\apache\tomcat\embed\tomcat-embed-core\8.5.31\tomcat-embed-core-8.5.31.jar;F:\my_maven_local_repository\org\apache\tomcat\embed\tomcat-embed-el\8.5.31\tomcat-embed-el-8.5.31.jar;F:\my_maven_local_repository\org\apache\tomcat\embed\tomcat-embed-websocket\8.5.31\tomcat-embed-websocket-8.5.31.jar;F:\my_maven_local_repository\org\hibernate\validator\hibernate-validator\6.0.10.Final\hibernate-validator-6.0.10.Final.jar;F:\my_maven_local_repository\javax\validation\validation-api\2.0.1.Final\validation-api-2.0.1.Final.jar;F:\my_maven_local_repository\org\jboss\logging\jboss-logging\3.3.2.Final\jboss-logging-3.3.2.Final.jar;F:\my_maven_local_repository\com\fasterxml\classmate\1.3.4\classmate-1.3.4.jar;F:\my_maven_local_repository\org\springframework\spring-web\5.0.7.RELEASE\spring-web-5.0.7.RELEASE.jar;F:\my_maven_local_repository\org\springframework\spring-beans\5.0.7.RELEASE\spring-beans-5.0.7.RELEASE.jar;F:\my_maven_local_repository\org\springframework\spring-webmvc\5.0.7.RELEASE\spring-webmvc-5.0.7.RELEASE.jar;F:\my_maven_local_repository\org\springframework\spring-aop\5.0.7.RELEASE\spring-aop-5.0.7.RELEASE.jar;F:\my_maven_local_repository\org\springframework\spring-context\5.0.7.RELEASE\spring-context-5.0.7.RELEASE.jar;F:\my_maven_local_repository\org\springframework\spring-expression\5.0.7.RELEASE\spring-expression-5.0.7.RELEASE.jar;F:\my_maven_local_repository\org\springframework\boot\spring-boot-starter-test\2.0.3.RELEASE\spring-boot-starter-test-2.0.3.RELEASE.jar;F:\my_maven_local_repository\org\springframework\boot\spring-boot-test\2.0.3.RELEASE\spring-boot-test-2.0.3.RELEASE.jar;F:\my_maven_local_repository\org\springframework\boot\spring-boot-test-autoconfigure\2.0.3.RELEASE\spring-boot-test-autoconfigure-2.0.3.RELEASE.jar;F:\my_maven_local_repository\com\jayway\jsonpath\json-path\2.4.0\json-path-2.4.0.jar;F:\my_maven_local_repository\net\minidev\json-smart\2.3\json-smart-2.3.jar;F:\my_maven_local_repository\net\minidev\accessors-smart\1.2\accessors-smart-1.2.jar;F:\my_maven_local_repository\org\ow2\asm\asm\5.0.4\asm-5.0.4.jar;F:\my_maven_local_repository\org\slf4j\slf4j-api\1.7.25\slf4j-api-1.7.25.jar;F:\my_maven_local_repository\junit\junit\4.12\junit-4.12.jar;F:\my_maven_local_repository\org\assertj\assertj-core\3.9.1\assertj-core-3.9.1.jar;F:\my_maven_local_repository\org\mockito\mockito-core\2.15.0\mockito-core-2.15.0.jar;F:\my_maven_local_repository\net\bytebuddy\byte-buddy\1.7.11\byte-buddy-1.7.11.jar;F:\my_maven_local_repository\net\bytebuddy\byte-buddy-agent\1.7.11\byte-buddy-agent-1.7.11.jar;F:\my_maven_local_repository\org\objenesis\objenesis\2.6\objenesis-2.6.jar;F:\my_maven_local_repository\org\hamcrest\hamcrest-core\1.3\hamcrest-core-1.3.jar;F:\my_maven_local_repository\org\hamcrest\hamcrest-library\1.3\hamcrest-library-1.3.jar;F:\my_maven_local_repository\org\skyscreamer\jsonassert\1.5.0\jsonassert-1.5.0.jar;F:\my_maven_local_repository\com\vaadin\external\google\android-json\0.0.20131108.vaadin1\android-json-0.0.20131108.vaadin1.jar;F:\my_maven_local_repository\org\springframework\spring-core\5.0.7.RELEASE\spring-core-5.0.7.RELEASE.jar;F:\my_maven_local_repository\org\springframework\spring-jcl\5.0.7.RELEASE\spring-jcl-5.0.7.RELEASE.jar;F:\my_maven_local_repository\org\springframework\spring-test\5.0.7.RELEASE\spring-test-5.0.7.RELEASE.jar;F:\my_maven_local_repository\org\xmlunit\xmlunit-core\2.5.1\xmlunit-core-2.5.1.jar;"/>
    <property name="java.vm.vendor" value="Oracle Corporation"/>
    <property name="sun.arch.data.model" value="64"/>
    <property name="user.variant" value=""/>
    <property name="java.vendor.url" value="http://java.oracle.com/"/>
    <property name="user.timezone" value=""/>
    <property name="java.vm.specification.version" value="1.8"/>
    <property name="os.name" value="Windows 10"/>
    <property name="user.country" value="CN"/>
    <property name="sun.java.launcher" value="SUN_STANDARD"/>
    <property name="sun.boot.library.path" value="G:\jdk\jdk\jre\bin"/>
    <property name="sun.java.command" value="C:\Users\sjd\AppData\Local\Temp\surefire3653703630692548567\surefirebooter8992924306584586502.jar C:\Users\sjd\AppData\Local\Temp\surefire3653703630692548567 2018-07-20T11-47-12_625-jvmRun1 surefire7118798400941942706tmp surefire_03687515639846592722tmp"/>
    <property name="surefire.test.class.path" value="F:\springBootdemo\target\test-classes;F:\springBootdemo\target\classes;F:\my_maven_local_repository\org\springframework\boot\spring-boot-starter-web\2.0.3.RELEASE\spring-boot-starter-web-2.0.3.RELEASE.jar;F:\my_maven_local_repository\org\springframework\boot\spring-boot-starter\2.0.3.RELEASE\spring-boot-starter-2.0.3.RELEASE.jar;F:\my_maven_local_repository\org\springframework\boot\spring-boot\2.0.3.RELEASE\spring-boot-2.0.3.RELEASE.jar;F:\my_maven_local_repository\org\springframework\boot\spring-boot-autoconfigure\2.0.3.RELEASE\spring-boot-autoconfigure-2.0.3.RELEASE.jar;F:\my_maven_local_repository\org\springframework\boot\spring-boot-starter-logging\2.0.3.RELEASE\spring-boot-starter-logging-2.0.3.RELEASE.jar;F:\my_maven_local_repository\ch\qos\logback\logback-classic\1.2.3\logback-classic-1.2.3.jar;F:\my_maven_local_repository\ch\qos\logback\logback-core\1.2.3\logback-core-1.2.3.jar;F:\my_maven_local_repository\org\apache\logging\log4j\log4j-to-slf4j\2.10.0\log4j-to-slf4j-2.10.0.jar;F:\my_maven_local_repository\org\apache\logging\log4j\log4j-api\2.10.0\log4j-api-2.10.0.jar;F:\my_maven_local_repository\org\slf4j\jul-to-slf4j\1.7.25\jul-to-slf4j-1.7.25.jar;F:\my_maven_local_repository\javax\annotation\javax.annotation-api\1.3.2\javax.annotation-api-1.3.2.jar;F:\my_maven_local_repository\org\yaml\snakeyaml\1.19\snakeyaml-1.19.jar;F:\my_maven_local_repository\org\springframework\boot\spring-boot-starter-json\2.0.3.RELEASE\spring-boot-starter-json-2.0.3.RELEASE.jar;F:\my_maven_local_repository\com\fasterxml\jackson\core\jackson-databind\2.9.6\jackson-databind-2.9.6.jar;F:\my_maven_local_repository\com\fasterxml\jackson\core\jackson-annotations\2.9.0\jackson-annotations-2.9.0.jar;F:\my_maven_local_repository\com\fasterxml\jackson\core\jackson-core\2.9.6\jackson-core-2.9.6.jar;F:\my_maven_local_repository\com\fasterxml\jackson\datatype\jackson-datatype-jdk8\2.9.6\jackson-datatype-jdk8-2.9.6.jar;F:\my_maven_local_repository\com\fasterxml\jackson\datatype\jackson-datatype-jsr310\2.9.6\jackson-datatype-jsr310-2.9.6.jar;F:\my_maven_local_repository\com\fasterxml\jackson\module\jackson-module-parameter-names\2.9.6\jackson-module-parameter-names-2.9.6.jar;F:\my_maven_local_repository\org\springframework\boot\spring-boot-starter-tomcat\2.0.3.RELEASE\spring-boot-starter-tomcat-2.0.3.RELEASE.jar;F:\my_maven_local_repository\org\apache\tomcat\embed\tomcat-embed-core\8.5.31\tomcat-embed-core-8.5.31.jar;F:\my_maven_local_repository\org\apache\tomcat\embed\tomcat-embed-el\8.5.31\tomcat-embed-el-8.5.31.jar;F:\my_maven_local_repository\org\apache\tomcat\embed\tomcat-embed-websocket\8.5.31\tomcat-embed-websocket-8.5.31.jar;F:\my_maven_local_repository\org\hibernate\validator\hibernate-validator\6.0.10.Final\hibernate-validator-6.0.10.Final.jar;F:\my_maven_local_repository\javax\validation\validation-api\2.0.1.Final\validation-api-2.0.1.Final.jar;F:\my_maven_local_repository\org\jboss\logging\jboss-logging\3.3.2.Final\jboss-logging-3.3.2.Final.jar;F:\my_maven_local_repository\com\fasterxml\classmate\1.3.4\classmate-1.3.4.jar;F:\my_maven_local_repository\org\springframework\spring-web\5.0.7.RELEASE\spring-web-5.0.7.RELEASE.jar;F:\my_maven_local_repository\org\springframework\spring-beans\5.0.7.RELEASE\spring-beans-5.0.7.RELEASE.jar;F:\my_maven_local_repository\org\springframework\spring-webmvc\5.0.7.RELEASE\spring-webmvc-5.0.7.RELEASE.jar;F:\my_maven_local_repository\org\springframework\spring-aop\5.0.7.RELEASE\spring-aop-5.0.7.RELEASE.jar;F:\my_maven_local_repository\org\springframework\spring-context\5.0.7.RELEASE\spring-context-5.0.7.RELEASE.jar;F:\my_maven_local_repository\org\springframework\spring-expression\5.0.7.RELEASE\spring-expression-5.0.7.RELEASE.jar;F:\my_maven_local_repository\org\springframework\boot\spring-boot-starter-test\2.0.3.RELEASE\spring-boot-starter-test-2.0.3.RELEASE.jar;F:\my_maven_local_repository\org\springframework\boot\spring-boot-test\2.0.3.RELEASE\spring-boot-test-2.0.3.RELEASE.jar;F:\my_maven_local_repository\org\springframework\boot\spring-boot-test-autoconfigure\2.0.3.RELEASE\spring-boot-test-autoconfigure-2.0.3.RELEASE.jar;F:\my_maven_local_repository\com\jayway\jsonpath\json-path\2.4.0\json-path-2.4.0.jar;F:\my_maven_local_repository\net\minidev\json-smart\2.3\json-smart-2.3.jar;F:\my_maven_local_repository\net\minidev\accessors-smart\1.2\accessors-smart-1.2.jar;F:\my_maven_local_repository\org\ow2\asm\asm\5.0.4\asm-5.0.4.jar;F:\my_maven_local_repository\org\slf4j\slf4j-api\1.7.25\slf4j-api-1.7.25.jar;F:\my_maven_local_repository\junit\junit\4.12\junit-4.12.jar;F:\my_maven_local_repository\org\assertj\assertj-core\3.9.1\assertj-core-3.9.1.jar;F:\my_maven_local_repository\org\mockito\mockito-core\2.15.0\mockito-core-2.15.0.jar;F:\my_maven_local_repository\net\bytebuddy\byte-buddy\1.7.11\byte-buddy-1.7.11.jar;F:\my_maven_local_repository\net\bytebuddy\byte-buddy-agent\1.7.11\byte-buddy-agent-1.7.11.jar;F:\my_maven_local_repository\org\objenesis\objenesis\2.6\objenesis-2.6.jar;F:\my_maven_local_repository\org\hamcrest\hamcrest-core\1.3\hamcrest-core-1.3.jar;F:\my_maven_local_repository\org\hamcrest\hamcrest-library\1.3\hamcrest-library-1.3.jar;F:\my_maven_local_repository\org\skyscreamer\jsonassert\1.5.0\jsonassert-1.5.0.jar;F:\my_maven_local_repository\com\vaadin\external\google\android-json\0.0.20131108.vaadin1\android-json-0.0.20131108.vaadin1.jar;F:\my_maven_local_repository\org\springframework\spring-core\5.0.7.RELEASE\spring-core-5.0.7.RELEASE.jar;F:\my_maven_local_repository\org\springframework\spring-jcl\5.0.7.RELEASE\spring-jcl-5.0.7.RELEASE.jar;F:\my_maven_local_repository\org\springframework\spring-test\5.0.7.RELEASE\spring-test-5.0.7.RELEASE.jar;F:\my_maven_local_repository\org\xmlunit\xmlunit-core\2.5.1\xmlunit-core-2.5.1.jar;"/>
    <property name="sun.cpu.endian" value="little"/>
    <property name="user.home" value="C:\Users\sjd"/>
    <property name="user.language" value="zh"/>
    <property name="java.specification.vendor" value="Oracle Corporation"/>
    <property name="java.home" value="G:\jdk\jdk\jre"/>
    <property name="basedir" value="F:\springBootdemo"/>
    <property name="file.separator" value="\"/>
    <property name="line.separator" value="&#10;"/>
    <property name="java.vm.specification.vendor" value="Oracle Corporation"/>
    <property name="java.specification.name" value="Java Platform API Specification"/>
    <property name="java.awt.graphicsenv" value="sun.awt.Win32GraphicsEnvironment"/>
    <property name="surefire.real.class.path" value="C:\Users\sjd\AppData\Local\Temp\surefire3653703630692548567\surefirebooter8992924306584586502.jar"/>
    <property name="sun.boot.class.path" value="G:\jdk\jdk\jre\lib\resources.jar;G:\jdk\jdk\jre\lib\rt.jar;G:\jdk\jdk\jre\lib\sunrsasign.jar;G:\jdk\jdk\jre\lib\jsse.jar;G:\jdk\jdk\jre\lib\jce.jar;G:\jdk\jdk\jre\lib\charsets.jar;G:\jdk\jdk\jre\lib\jfr.jar;G:\jdk\jdk\jre\classes"/>
    <property name="user.script" value=""/>
    <property name="sun.management.compiler" value="HotSpot 64-Bit Tiered Compilers"/>
    <property name="java.runtime.version" value="1.8.0_121-b13"/>
    <property name="user.name" value="sjd"/>
    <property name="path.separator" value=";"/>
    <property name="os.version" value="10.0"/>
    <property name="java.endorsed.dirs" value="G:\jdk\jdk\jre\lib\endorsed"/>
    <property name="java.runtime.name" value="Java(TM) SE Runtime Environment"/>
    <property name="file.encoding" value="GBK"/>
    <property name="java.vm.name" value="Java HotSpot(TM) 64-Bit Server VM"/>
    <property name="localRepository" value="F:\my_maven_local_repository"/>
    <property name="java.vendor.url.bug" value="http://bugreport.sun.com/bugreport/"/>
    <property name="java.io.tmpdir" value="C:\Users\sjd\AppData\Local\Temp\"/>
    <property name="java.version" value="1.8.0_121"/>
    <property name="user.dir" value="F:\springBootdemo"/>
    <property name="os.arch" value="amd64"/>
    <property name="java.vm.specification.name" value="Java Virtual Machine Specification"/>
    <property name="java.awt.printerjob" value="sun.awt.windows.WPrinterJob"/>
    <property name="sun.os.patch.level" value=""/>
    <property name="java.library.path" value="G:\jdk\jdk\jre\bin;C:\WINDOWS\Sun\Java\bin;C:\WINDOWS\system32;C:\WINDOWS;E:\git\Git\cmd;E:\mysql-5.6.21-winx64\mysql-5.6.21-winx64\bin;C:\WINDOWS\system32;C:\WINDOWS;C:\WINDOWS\System32\Wbem;C:\WINDOWS\System32\WindowsPowerShell\v1.0\;E:\sdk\sdk27downloads\27.0.1\tools;E:\sdk\sdk27downloads\27.0.1\platform-tools;C:\Program Files (x86)\MySQL\MySQL Utilities 1.6\;C:\WINDOWS\System32\OpenSSH\;F:\git\Git\cmd;G:\jdk\jdk\bin;F:\maven\apache-maven-3.3.9-bin\apache-maven-3.3.9\bin;F:\pythonInstall\Anaconda;F:\pythonInstall\Anaconda\Library\mingw-w64\bin;F:\pythonInstall\Anaconda\Library\usr\bin;F:\pythonInstall\Anaconda\Library\bin;F:\pythonInstall\Anaconda\Scripts;C:\Users\sjd\AppData\Local\Programs\Python\Python36\Scripts\;C:\Users\sjd\AppData\Local\Programs\Python\Python36\;C:\Users\sjd\AppData\Local\Microsoft\WindowsApps;E:\sdk\sdk27downloads\27.0.1\tools;E:\sdk\sdk27downloads\27.0.1\platform-tools;C:\Program Files\Microsoft VS Code\bin;;."/>
    <property name="java.vm.info" value="mixed mode"/>
    <property name="java.vendor" value="Oracle Corporation"/>
    <property name="java.vm.version" value="25.121-b13"/>
    <property name="java.ext.dirs" value="G:\jdk\jdk\jre\lib\ext;C:\WINDOWS\Sun\Java\lib\ext"/>
    <property name="sun.io.unicode.encoding" value="UnicodeLittle"/>
    <property name="java.class.version" value="52.0"/>
  </properties>
  <testcase name="contextLoads" classname="com.yy.springbootdemo.SpringbootdemoApplicationTests" time="0.095"/>
</testsuite>